# JRE version: OpenJDK Runtime Environment (11.0.4+10) (build 11.0.4+10-b520.11)
# Java VM: OpenJDK 64-Bit Server VM (11.0.4+10-b520.11, mixed mode, sharing, tiered, compressed oops, g1 gc, windows-amd64)
Heap:
 garbage-first heap   total 187392K, used 28644K [0x0000000082600000, 0x0000000100000000)
  region size 1024K, 10 young (10240K), 10 survivors (10240K)
 Metaspace       used 55494K, capacity 57148K, committed 57340K, reserved 1097728K
  class space    used 7487K, capacity 8122K, committed 8188K, reserved 1048576K
GC Heap History (10 events):
Event: 1.529 GC heap after
{Heap after GC invocations=6 (full 0):
 garbage-first heap   total 129024K, used 13428K [0x0000000082600000, 0x0000000100000000)
  region size 1024K, 5 young (5120K), 5 survivors (5120K)
 Metaspace       used 22879K, capacity 23749K, committed 23932K, reserved 1069056K
  class space    used 3043K, capacity 3374K, committed 3452K, reserved 1048576K
}
Event: 2.182 GC heap before
{Heap before GC invocations=6 (full 0):
 garbage-first heap   total 129024K, used 81012K [0x0000000082600000, 0x0000000100000000)
  region size 1024K, 71 young (72704K), 5 survivors (5120K)
 Metaspace       used 28374K, capacity 29315K, committed 29436K, reserved 1075200K
  class space    used 3863K, capacity 4236K, committed 4348K, reserved 1048576K
}
Event: 2.189 GC heap after
{Heap after GC invocations=7 (full 0):
 garbage-first heap   total 155648K, used 15980K [0x0000000082600000, 0x0000000100000000)
  region size 1024K, 8 young (8192K), 8 survivors (8192K)
 Metaspace       used 28374K, capacity 29315K, committed 29436K, reserved 1075200K
  class space    used 3863K, capacity 4236K, committed 4348K, reserved 1048576K
}
Event: 2.676 GC heap before
{Heap before GC invocations=7 (full 0):
 garbage-first heap   total 155648K, used 94828K [0x0000000082600000, 0x0000000100000000)
  region size 1024K, 86 young (88064K), 8 survivors (8192K)
 Metaspace       used 33185K, capacity 34350K, committed 34428K, reserved 1079296K
  class space    used 4471K, capacity 4928K, committed 4988K, reserved 1048576K
}
Event: 2.686 GC heap after
{Heap after GC invocations=8 (full 0):
 garbage-first heap   total 155648K, used 18620K [0x0000000082600000, 0x0000000100000000)
  region size 1024K, 8 young (8192K), 8 survivors (8192K)
 Metaspace       used 33185K, capacity 34350K, committed 34428K, reserved 1079296K
  class space    used 4471K, capacity 4928K, committed 4988K, reserved 1048576K
}
Event: 2.834 GC heap before
{Heap before GC invocations=8 (full 0):
 garbage-first heap   total 155648K, used 31932K [0x0000000082600000, 0x0000000100000000)
  region size 1024K, 22 young (22528K), 8 survivors (8192K)
 Metaspace       used 34646K, capacity 35854K, committed 35964K, reserved 1079296K
  class space    used 4647K, capacity 5154K, committed 5244K, reserved 1048576K
}
Event: 2.840 GC heap after
{Heap after GC invocations=9 (full 0):
 garbage-first heap   total 155648K, used 19328K [0x0000000082600000, 0x0000000100000000)
  region size 1024K, 7 young (7168K), 7 survivors (7168K)
 Metaspace       used 34646K, capacity 35854K, committed 35964K, reserved 1079296K
  class space    used 4647K, capacity 5154K, committed 5244K, reserved 1048576K
}
Event: 3.780 GC heap before
{Heap before GC invocations=10 (full 0):
 garbage-first heap   total 155648K, used 98176K [0x0000000082600000, 0x0000000100000000)
  region size 1024K, 85 young (87040K), 7 survivors (7168K)
 Metaspace       used 49113K, capacity 50451K, committed 50684K, reserved 1093632K
  class space    used 6613K, capacity 7129K, committed 7164K, reserved 1048576K
}
Event: 3.787 GC heap after
{Heap after GC invocations=11 (full 0):
 garbage-first heap   total 155648K, used 24919K [0x0000000082600000, 0x0000000100000000)
  region size 1024K, 9 young (9216K), 9 survivors (9216K)
 Metaspace       used 49113K, capacity 50451K, committed 50684K, reserved 1093632K
  class space    used 6613K, capacity 7129K, committed 7164K, reserved 1048576K
}
Event: 5.118 GC heap before
{Heap before GC invocations=11 (full 0):
 garbage-first heap   total 155648K, used 105815K [0x0000000082600000, 0x0000000100000000)
  region size 1024K, 88 young (90112K), 9 survivors (9216K)
 Metaspace       used 55494K, capacity 57148K, committed 57340K, reserved 1097728K
  class space    used 7487K, capacity 8122K, committed 8188K, reserved 1048576K
}

