# JRE version: OpenJDK Runtime Environment (11.0.4+10) (build 11.0.4+10-b520.11)
# Java VM: OpenJDK 64-Bit Server VM (11.0.4+10-b520.11, mixed mode, sharing, tiered, compressed oops, g1 gc, windows-amd64)
Heap:
 garbage-first heap   total 155648K, used 25454K [0x0000000082600000, 0x0000000100000000)
  region size 1024K, 12 young (12288K), 10 survivors (10240K)
 Metaspace       used 46352K, capacity 47681K, committed 47744K, reserved 1110016K
  class space    used 6234K, capacity 6761K, committed 6784K, reserved 1048576K
GC Heap History (10 events):
Event: 1.608 GC heap before
{Heap before GC invocations=3 (full 0):
 garbage-first heap   total 129024K, used 60751K [0x0000000082600000, 0x0000000100000000)
  region size 1024K, 54 young (55296K), 4 survivors (4096K)
 Metaspace       used 20464K, capacity 21198K, committed 21248K, reserved 1067008K
  class space    used 2714K, capacity 3035K, committed 3072K, reserved 1048576K
}
Event: 1.612 GC heap after
{Heap after GC invocations=4 (full 0):
 garbage-first heap   total 129024K, used 12591K [0x0000000082600000, 0x0000000100000000)
  region size 1024K, 5 young (5120K), 5 survivors (5120K)
 Metaspace       used 20464K, capacity 21198K, committed 21248K, reserved 1067008K
  class space    used 2714K, capacity 3035K, committed 3072K, reserved 1048576K
}
Event: 2.104 GC heap before
{Heap before GC invocations=5 (full 0):
 garbage-first heap   total 129024K, used 75055K [0x0000000082600000, 0x0000000100000000)
  region size 1024K, 67 young (68608K), 5 survivors (5120K)
 Metaspace       used 26448K, capacity 27395K, committed 27520K, reserved 1073152K
  class space    used 3563K, capacity 3923K, committed 3968K, reserved 1048576K
}
Event: 2.111 GC heap after
{Heap after GC invocations=6 (full 0):
 garbage-first heap   total 129024K, used 15945K [0x0000000082600000, 0x0000000100000000)
  region size 1024K, 8 young (8192K), 8 survivors (8192K)
 Metaspace       used 26448K, capacity 27395K, committed 27520K, reserved 1073152K
  class space    used 3563K, capacity 3923K, committed 3968K, reserved 1048576K
}
Event: 2.778 GC heap before
{Heap before GC invocations=6 (full 0):
 garbage-first heap   total 129024K, used 83529K [0x0000000082600000, 0x0000000100000000)
  region size 1024K, 75 young (76800K), 8 survivors (8192K)
 Metaspace       used 32841K, capacity 33992K, committed 34176K, reserved 1079296K
  class space    used 4438K, capacity 4894K, committed 4992K, reserved 1048576K
}
Event: 2.789 GC heap after
{Heap after GC invocations=7 (full 0):
 garbage-first heap   total 155648K, used 18524K [0x0000000082600000, 0x0000000100000000)
  region size 1024K, 7 young (7168K), 7 survivors (7168K)
 Metaspace       used 32841K, capacity 33992K, committed 34176K, reserved 1079296K
  class space    used 4438K, capacity 4894K, committed 4992K, reserved 1048576K
}
Event: 3.010 GC heap before
{Heap before GC invocations=7 (full 0):
 garbage-first heap   total 155648K, used 62556K [0x0000000082600000, 0x0000000100000000)
  region size 1024K, 52 young (53248K), 7 survivors (7168K)
 Metaspace       used 34399K, capacity 35622K, committed 35840K, reserved 1079296K
  class space    used 4627K, capacity 5119K, committed 5120K, reserved 1048576K
}
Event: 3.015 GC heap after
{Heap after GC invocations=8 (full 0):
 garbage-first heap   total 155648K, used 19706K [0x0000000082600000, 0x0000000100000000)
  region size 1024K, 8 young (8192K), 8 survivors (8192K)
 Metaspace       used 34399K, capacity 35622K, committed 35840K, reserved 1079296K
  class space    used 4627K, capacity 5119K, committed 5120K, reserved 1048576K
}
Event: 3.798 GC heap before
{Heap before GC invocations=9 (full 0):
 garbage-first heap   total 155648K, used 78074K [0x0000000082600000, 0x0000000100000000)
  region size 1024K, 67 young (68608K), 8 survivors (8192K)
 Metaspace       used 46064K, capacity 47393K, committed 47488K, reserved 1097728K
  class space    used 6202K, capacity 6729K, committed 6784K, reserved 1048576K
}
Event: 3.807 GC heap after
{Heap after GC invocations=10 (full 0):
 garbage-first heap   total 155648K, used 24430K [0x0000000082600000, 0x0000000100000000)
  region size 1024K, 10 young (10240K), 10 survivors (10240K)
 Metaspace       used 46064K, capacity 47393K, committed 47488K, reserved 1097728K
  class space    used 6202K, capacity 6729K, committed 6784K, reserved 1048576K
}

